[0.094s] Invoking command in '/home/r1/r1_ws/build/image_geometry': CMAKE_PREFIX_PATH=${CMAKE_PREFIX_PATH}:/home/r1/r1_ws/install/voice:/home/r1/r1_ws/install/control:/home/r1/r1_ws/install/camera:/opt/ros/humble /usr/bin/cmake /home/r1/r1_ws/src/vision_opencv/image_geometry -DCMAKE_INSTALL_PREFIX=/home/r1/r1_ws/install/image_geometry
[0.190s] -- Found ament_cmake_python: 1.3.4 (/opt/ros/humble/share/ament_cmake_python/cmake)
[0.192s] -- Found ament_cmake_ros: 0.10.0 (/opt/ros/humble/share/ament_cmake_ros/cmake)
[1.608s] -- Override CMake install command with custom implementation using symlinks instead of copying resources
[2.345s] -- Found sensor_msgs: 4.2.3 (/opt/ros/humble/share/sensor_msgs/cmake)
[2.678s] -- Found rosidl_generator_c: 3.1.4 (/opt/ros/humble/share/rosidl_generator_c/cmake)
[2.702s] -- Found rosidl_adapter: 3.1.4 (/opt/ros/humble/share/rosidl_adapter/cmake)
[2.744s] -- Found rosidl_generator_cpp: 3.1.4 (/opt/ros/humble/share/rosidl_generator_cpp/cmake)
[2.811s] -- Using all available rosidl_typesupport_c: rosidl_typesupport_fastrtps_c;rosidl_typesupport_introspection_c
[2.930s] -- Using all available rosidl_typesupport_cpp: rosidl_typesupport_fastrtps_cpp;rosidl_typesupport_introspection_cpp
[4.744s] -- Found gtest sources under '/opt/ros/humble/src/gtest_vendor': C++ tests using 'Google Test' will be built
[5.544s] -- Configuring done
[5.681s] -- Generating done
[5.708s] -- Build files have been written to: /home/r1/r1_ws/build/image_geometry
[5.771s] Invoked command in '/home/r1/r1_ws/build/image_geometry' returned '0': CMAKE_PREFIX_PATH=${CMAKE_PREFIX_PATH}:/home/r1/r1_ws/install/voice:/home/r1/r1_ws/install/control:/home/r1/r1_ws/install/camera:/opt/ros/humble /usr/bin/cmake /home/r1/r1_ws/src/vision_opencv/image_geometry -DCMAKE_INSTALL_PREFIX=/home/r1/r1_ws/install/image_geometry
[5.786s] Invoking command in '/home/r1/r1_ws/build/image_geometry': CMAKE_PREFIX_PATH=${CMAKE_PREFIX_PATH}:/home/r1/r1_ws/install/voice:/home/r1/r1_ws/install/control:/home/r1/r1_ws/install/camera:/opt/ros/humble /usr/bin/cmake --build /home/r1/r1_ws/build/image_geometry -- -j4 -l4
[6.115s] [35m[1mConsolidate compiler generated dependencies of target image_geometry[0m
[6.128s] [35m[1mConsolidate compiler generated dependencies of target gtest[0m
[6.153s] [35m[1mConsolidate compiler generated dependencies of target gtest_main[0m
[6.242s] [ 33%] Built target image_geometry
[6.294s] [ 55%] Built target gtest
[6.300s] failed to create symbolic link '/home/r1/r1_ws/build/image_geometry/ament_cmake_python/image_geometry/image_geometry' because existing path cannot be removed: Is a directory
[6.309s] gmake[2]: *** [CMakeFiles/ament_cmake_python_symlink_image_geometry.dir/build.make:70: CMakeFiles/ament_cmake_python_symlink_image_geometry] Error 1
[6.312s] gmake[1]: *** [CMakeFiles/Makefile2:160: CMakeFiles/ament_cmake_python_symlink_image_geometry.dir/all] Error 2
[6.314s] gmake[1]: *** Waiting for unfinished jobs....
[6.321s] [ 77%] Built target gtest_main
[6.328s] gmake: *** [Makefile:146: all] Error 2
[6.355s] Invoked command in '/home/r1/r1_ws/build/image_geometry' returned '2': CMAKE_PREFIX_PATH=${CMAKE_PREFIX_PATH}:/home/r1/r1_ws/install/voice:/home/r1/r1_ws/install/control:/home/r1/r1_ws/install/camera:/opt/ros/humble /usr/bin/cmake --build /home/r1/r1_ws/build/image_geometry -- -j4 -l4
