[0.000000] (-) TimerEvent: {}
[0.000634] (camera) JobQueued: {'identifier': 'camera', 'dependencies': OrderedDict()}
[0.000820] (control) JobQueued: {'identifier': 'control', 'dependencies': OrderedDict()}
[0.002418] (camera) JobStarted: {'identifier': 'camera'}
[0.059784] (control) JobStarted: {'identifier': 'control'}
[0.099206] (-) TimerEvent: {}
[0.200044] (-) TimerEvent: {}
[0.301587] (-) TimerEvent: {}
[0.402329] (-) TimerEvent: {}
[0.503109] (-) TimerEvent: {}
[0.603979] (-) TimerEvent: {}
[0.705063] (-) TimerEvent: {}
[0.807212] (-) TimerEvent: {}
[0.907899] (-) TimerEvent: {}
[1.008578] (-) TimerEvent: {}
[1.109379] (-) TimerEvent: {}
[1.210099] (-) TimerEvent: {}
[1.310965] (-) TimerEvent: {}
[1.412661] (-) TimerEvent: {}
[1.513484] (-) TimerEvent: {}
[1.614228] (-) TimerEvent: {}
[1.715030] (-) TimerEvent: {}
[1.815824] (-) TimerEvent: {}
[1.916638] (-) TimerEvent: {}
[2.017815] (-) TimerEvent: {}
[2.118556] (-) TimerEvent: {}
[2.219257] (-) TimerEvent: {}
[2.319951] (-) TimerEvent: {}
[2.420816] (-) TimerEvent: {}
[2.521647] (-) TimerEvent: {}
[2.622481] (-) TimerEvent: {}
[2.723928] (-) TimerEvent: {}
[2.824790] (-) TimerEvent: {}
[2.925610] (-) TimerEvent: {}
[2.995824] (camera) StderrLine: {'line': b'Traceback (most recent call last):\n  File "/usr/lib/python3/dist-packages/colcon_parallel_executor/executor/parallel.py", line 67, in execute\n    loop.run_until_complete(future)\n  File "/usr/lib/python3.10/asyncio/base_events.py", line 633, in run_until_complete\n    self.run_forever()\n  File "/usr/lib/python3.10/asyncio/base_events.py", line 600, in run_forever\n    self._run_once()\n  File "/usr/lib/python3.10/asyncio/base_events.py", line 1860, in _run_once\n    event_list = self._selector.select(timeout)\n  File "/usr/lib/python3.10/selectors.py", line 469, in select\n    fd_event_list = self._selector.poll(timeout, max_ev)\nKeyboardInterrupt\n\nDuring handling of the above exception, another exception occurred:\n\nTraceback (most recent call last):\n  File "/usr/lib/python3/dist-packages/colcon_core/executor/__init__.py", line 91, in __call__\n    rc = await self.task(*args, **kwargs)\n  File "/usr/lib/python3/dist-packages/colcon_core/task/__init__.py", line 93, in __call__\n    return await task_method(*args, **kwargs)\n  File "/usr/lib/python3/dist-packages/colcon_ros/task/ament_python/build.py", line 105, in build\n    return await extension.build(additional_hooks=additional_hooks)\n  File "/usr/lib/python3/dist-packages/colcon_core/task/python/build.py", line 81, in build\n    available_commands = await self._get_available_commands(\n  File "/usr/lib/python3/dist-packages/colcon_core/task/python/build.py", line 171, in _get_available_commands\n    output = await check_output(\n  File "/usr/lib/python3/dist-packages/colcon_core/subprocess.py", line 128, in check_output\n    assert not rc, f\'Expected {args} to pass: {stderr_data}\'\nAssertionError: Expected [\'/usr/bin/python3\', \'setup.py\', \'--help-commands\'] to pass: Traceback (most recent call last):\n  File "/home/r1/r1_ws/src/camera/setup.py", line 1, in <module>\n    from setuptools import setup\n  File "/usr/lib/python3/dist-packages/setuptools/__init__.py", line 10, in <module>\n    import distutils.core\n  File "/usr/lib/python3.10/distutils/core.py", line 18, in <module>\n    from distutils.config import PyPIRCCommand\n  File "/usr/lib/python3.10/distutils/config.py", line 7, in <module>\n    from configparser import RawConfigParser\n  File "<frozen importlib._bootstrap>", line 1027, in _find_and_load\n  File "<frozen importlib._bootstrap>", line 1002, in _find_and_load_unlocked\n  File "<frozen importlib._bootstrap>", line 945, in _find_spec\n  File "<frozen importlib._bootstrap_external>", line 1439, in find_spec\n  File "<frozen importlib._bootstrap_external>", line 1411, in _get_spec\n  File "<frozen importlib._bootstrap_external>", line 1575, in find_spec\n  File "<frozen importlib._bootstrap>", line 244, in _verbose_message\nKeyboardInterrupt\n\n'}
[2.998330] (camera) JobEnded: {'identifier': 'camera', 'rc': 'SIGINT'}
[3.001506] (control) JobEnded: {'identifier': 'control', 'rc': 'SIGINT'}
[3.004925] (-) EventReactorShutdown: {}
