[0.117s] Invoking command in '/home/r1/r1_ws/build/theora_image_transport': AMENT_PREFIX_PATH=/home/r1/r1_ws/install/image_transport:/home/r1/r1_ws/install/cv_bridge:${AMENT_PREFIX_PATH} CMAKE_PREFIX_PATH=/home/r1/r1_ws/install/image_transport:/home/r1/r1_ws/install/cv_bridge:/home/r1/r1_ws/install/v4l2_camera:/home/r1/r1_ws/install/turtlesim:/home/r1/r1_ws/install/voice:/home/r1/r1_ws/install/control:/home/r1/r1_ws/install/camera:/opt/ros/humble LD_LIBRARY_PATH=/home/r1/r1_ws/install/image_transport/lib:/home/r1/r1_ws/install/cv_bridge/lib:${LD_LIBRARY_PATH} PYTHONPATH=/home/r1/r1_ws/install/cv_bridge/local/lib/python3.10/dist-packages:${PYTHONPATH} /usr/bin/cmake /home/r1/r1_ws/src/image_transport_plugins/theora_image_transport -DCMAKE_INSTALL_PREFIX=/home/r1/r1_ws/install/theora_image_transport
[0.490s] -- The C compiler identification is GNU 11.3.0
[0.862s] -- The CXX compiler identification is GNU 11.3.0
[0.910s] -- Detecting C compiler ABI info
[1.416s] -- Detecting C compiler ABI info - done
[1.452s] -- Check for working C compiler: /usr/bin/cc - skipped
[1.452s] -- Detecting C compile features
[1.459s] -- Detecting C compile features - done
[1.468s] -- Detecting CXX compiler ABI info
[1.982s] -- Detecting CXX compiler ABI info - done
[2.040s] -- Check for working CXX compiler: /usr/bin/c++ - skipped
[2.041s] -- Detecting CXX compile features
[2.042s] -- Detecting CXX compile features - done
[2.076s] -- Found ament_cmake: 1.3.4 (/opt/ros/humble/share/ament_cmake/cmake)
[3.485s] -- Found Python3: /usr/bin/python3.10 (found version "3.10.6") found components: Interpreter 
[4.289s] -- Found image_transport: 4.3.0 (/home/r1/r1_ws/install/image_transport/share/image_transport/cmake)
[4.777s] -- Found rosidl_generator_c: 3.1.4 (/opt/ros/humble/share/rosidl_generator_c/cmake)
[4.830s] -- Found rosidl_adapter: 3.1.4 (/opt/ros/humble/share/rosidl_adapter/cmake)
[4.901s] -- Found rosidl_generator_cpp: 3.1.4 (/opt/ros/humble/share/rosidl_generator_cpp/cmake)
[4.996s] -- Using all available rosidl_typesupport_c: rosidl_typesupport_fastrtps_c;rosidl_typesupport_introspection_c
[5.133s] -- Using all available rosidl_typesupport_cpp: rosidl_typesupport_fastrtps_cpp;rosidl_typesupport_introspection_cpp
[5.598s] -- Found rmw_implementation_cmake: 6.1.1 (/opt/ros/humble/share/rmw_implementation_cmake/cmake)
[5.627s] -- Found rmw_fastrtps_cpp: 6.2.2 (/opt/ros/humble/share/rmw_fastrtps_cpp/cmake)
[6.288s] -- Found OpenSSL: /usr/lib/aarch64-linux-gnu/libcrypto.so (found version "3.0.2")  
[6.535s] -- Found FastRTPS: /opt/ros/humble/include  
[6.953s] -- Using RMW implementation 'rmw_fastrtps_cpp' as default
[7.047s] -- Looking for pthread.h
[7.462s] -- Looking for pthread.h - found
[7.463s] -- Performing Test CMAKE_HAVE_LIBC_PTHREAD
[7.898s] -- Performing Test CMAKE_HAVE_LIBC_PTHREAD - Success
[7.904s] -- Found Threads: TRUE  
[9.675s] -- Found cv_bridge: 3.4.0 (/home/r1/r1_ws/install/cv_bridge/share/cv_bridge/cmake)
[9.811s] -- Found rosidl_default_generators: 1.2.0 (/opt/ros/humble/share/rosidl_default_generators/cmake)
[9.895s] -- Found OpenCV: /usr (found version "4.5.4") found components: imgproc 
[9.921s] -- Found PkgConfig: /usr/bin/pkg-config (found version "0.29.2") 
[9.927s] -- Checking for module 'ogg'
[10.001s] --   Found ogg, version 1.3.5
[10.248s] -- Checking for module 'theora'
[10.320s] --   Found theora, version 1.1.1
[10.548s] -- Checking for module 'theoraenc'
[10.634s] --   Found theoraenc, version 1.1.1
[10.867s] -- Checking for module 'theoradec'
[11.023s] --   Found theoradec, version 1.1.1
[16.020s] -- Found ament_cmake_cppcheck: 0.12.6 (/opt/ros/humble/share/ament_cmake_cppcheck/cmake)
[16.115s] -- Found ament_cmake_cpplint: 0.12.6 (/opt/ros/humble/share/ament_cmake_cpplint/cmake)
[16.201s] -- Found ament_cmake_uncrustify: 0.12.6 (/opt/ros/humble/share/ament_cmake_uncrustify/cmake)
[16.288s] -- Found ament_cmake_ros: 0.10.0 (/opt/ros/humble/share/ament_cmake_ros/cmake)
[23.625s] -- Using all available rosidl_typesupport_c: rosidl_typesupport_fastrtps_c;rosidl_typesupport_introspection_c
[26.355s] -- Using all available rosidl_typesupport_cpp: rosidl_typesupport_fastrtps_cpp;rosidl_typesupport_introspection_cpp
[26.751s] -- Found PythonInterp: /usr/bin/python3 (found suitable version "3.10.6", minimum required is "3.6") 
[26.822s] -- Found python_cmake_module: 0.10.0 (/opt/ros/humble/share/python_cmake_module/cmake)
[27.320s] -- Found PythonLibs: /usr/lib/aarch64-linux-gnu/libpython3.10.so (found suitable version "3.10.6", minimum required is "3.5") 
[27.322s] -- Using PYTHON_EXECUTABLE: /usr/bin/python3
[27.323s] -- Using PYTHON_INCLUDE_DIRS: /usr/include/python3.10
[27.324s] -- Using PYTHON_LIBRARIES: /usr/lib/aarch64-linux-gnu/libpython3.10.so
[27.676s] -- Found PythonExtra: .so  
[28.520s] -- Found ament_cmake_flake8: 0.12.6 (/opt/ros/humble/share/ament_cmake_flake8/cmake)
[28.591s] -- Found ament_cmake_pep257: 0.12.6 (/opt/ros/humble/share/ament_cmake_pep257/cmake)
[28.955s] -- Configuring done
[29.751s] -- Generating done
[29.799s] -- Build files have been written to: /home/r1/r1_ws/build/theora_image_transport
[29.919s] Invoked command in '/home/r1/r1_ws/build/theora_image_transport' returned '0': AMENT_PREFIX_PATH=/home/r1/r1_ws/install/image_transport:/home/r1/r1_ws/install/cv_bridge:${AMENT_PREFIX_PATH} CMAKE_PREFIX_PATH=/home/r1/r1_ws/install/image_transport:/home/r1/r1_ws/install/cv_bridge:/home/r1/r1_ws/install/v4l2_camera:/home/r1/r1_ws/install/turtlesim:/home/r1/r1_ws/install/voice:/home/r1/r1_ws/install/control:/home/r1/r1_ws/install/camera:/opt/ros/humble LD_LIBRARY_PATH=/home/r1/r1_ws/install/image_transport/lib:/home/r1/r1_ws/install/cv_bridge/lib:${LD_LIBRARY_PATH} PYTHONPATH=/home/r1/r1_ws/install/cv_bridge/local/lib/python3.10/dist-packages:${PYTHONPATH} /usr/bin/cmake /home/r1/r1_ws/src/image_transport_plugins/theora_image_transport -DCMAKE_INSTALL_PREFIX=/home/r1/r1_ws/install/theora_image_transport
[29.922s] Invoking command in '/home/r1/r1_ws/build/theora_image_transport': AMENT_PREFIX_PATH=/home/r1/r1_ws/install/image_transport:/home/r1/r1_ws/install/cv_bridge:${AMENT_PREFIX_PATH} CMAKE_PREFIX_PATH=/home/r1/r1_ws/install/image_transport:/home/r1/r1_ws/install/cv_bridge:/home/r1/r1_ws/install/v4l2_camera:/home/r1/r1_ws/install/turtlesim:/home/r1/r1_ws/install/voice:/home/r1/r1_ws/install/control:/home/r1/r1_ws/install/camera:/opt/ros/humble LD_LIBRARY_PATH=/home/r1/r1_ws/install/image_transport/lib:/home/r1/r1_ws/install/cv_bridge/lib:${LD_LIBRARY_PATH} PYTHONPATH=/home/r1/r1_ws/install/cv_bridge/local/lib/python3.10/dist-packages:${PYTHONPATH} /usr/bin/cmake --build /home/r1/r1_ws/build/theora_image_transport -- -j4 -l4
[30.589s] [  2%] [34m[1mGenerating C++ code for ROS interfaces[0m
[36.188s] [  2%] Built target theora_image_transport__cpp
[36.759s] [  2%] Built target ament_cmake_python_copy_theora_image_transport
[36.980s] [  5%] [34m[1mGenerating C++ type support for eProsima Fast-RTPS[0m
[42.639s] [  8%] [32mBuilding CXX object CMakeFiles/theora_image_transport__rosidl_typesupport_fastrtps_cpp.dir/rosidl_typesupport_fastrtps_cpp/theora_image_transport/msg/detail/dds_fastrtps/packet__type_support.cpp.o[0m
[51.704s] [ 10%] [32m[1mLinking CXX shared library libtheora_image_transport__rosidl_typesupport_fastrtps_cpp.so[0m
[52.934s] [ 10%] Built target theora_image_transport__rosidl_typesupport_fastrtps_cpp
[53.057s] [ 13%] [34m[1mGenerating C++ introspection for ROS interfaces[0m
[59.158s] [ 16%] [32mBuilding CXX object CMakeFiles/theora_image_transport__rosidl_typesupport_introspection_cpp.dir/rosidl_typesupport_introspection_cpp/theora_image_transport/msg/detail/packet__type_support.cpp.o[0m
[65.192s] [ 18%] [32m[1mLinking CXX shared library libtheora_image_transport__rosidl_typesupport_introspection_cpp.so[0m
[65.608s] [ 18%] Built target theora_image_transport__rosidl_typesupport_introspection_cpp
[68.461s] running egg_info
[68.464s] creating theora_image_transport.egg-info
[68.466s] writing theora_image_transport.egg-info/PKG-INFO
[68.467s] writing dependency_links to theora_image_transport.egg-info/dependency_links.txt
[68.469s] writing top-level names to theora_image_transport.egg-info/top_level.txt
[68.471s] writing manifest file 'theora_image_transport.egg-info/SOURCES.txt'
[68.492s] reading manifest file 'theora_image_transport.egg-info/SOURCES.txt'
[68.496s] writing manifest file 'theora_image_transport.egg-info/SOURCES.txt'
[68.716s] [ 18%] Built target ament_cmake_python_build_theora_image_transport_egg
[68.783s] [ 21%] [34m[1mGenerating C++ type support dispatch for ROS interfaces[0m
[70.620s] [ 24%] [32mBuilding CXX object CMakeFiles/theora_image_transport__rosidl_typesupport_cpp.dir/rosidl_typesupport_cpp/theora_image_transport/msg/packet__type_support.cpp.o[0m
[72.785s] [ 27%] [32m[1mLinking CXX shared library libtheora_image_transport__rosidl_typesupport_cpp.so[0m
[73.030s] [ 27%] Built target theora_image_transport__rosidl_typesupport_cpp
[73.097s] [ 29%] [34m[1mGenerating C code for ROS interfaces[0m
[75.576s] [ 32%] [32mBuilding C object CMakeFiles/theora_image_transport__rosidl_generator_c.dir/rosidl_generator_c/theora_image_transport/msg/detail/packet__functions.c.o[0m
[76.056s] [ 35%] [32m[1mLinking C shared library libtheora_image_transport__rosidl_generator_c.so[0m
[76.290s] [ 35%] Built target theora_image_transport__rosidl_generator_c
[76.398s] [ 37%] [32mBuilding CXX object CMakeFiles/ogg_saver.dir/src/ogg_saver.cpp.o[0m
[110.947s] [ 40%] [32m[1mLinking CXX executable ogg_saver[0m
[112.869s] [ 40%] Built target ogg_saver
[112.921s] [ 43%] [34m[1mGenerating C introspection for ROS interfaces[0m
[114.314s] [ 45%] [32mBuilding C object CMakeFiles/theora_image_transport__rosidl_typesupport_introspection_c.dir/rosidl_typesupport_introspection_c/theora_image_transport/msg/detail/packet__type_support.c.o[0m
[114.530s] [ 48%] [32m[1mLinking C shared library libtheora_image_transport__rosidl_typesupport_introspection_c.so[0m
[114.675s] [ 48%] Built target theora_image_transport__rosidl_typesupport_introspection_c
[114.729s] [ 51%] [34m[1mGenerating C type support dispatch for ROS interfaces[0m
[116.029s] [ 54%] [32mBuilding CXX object CMakeFiles/theora_image_transport__rosidl_typesupport_c.dir/rosidl_typesupport_c/theora_image_transport/msg/packet__type_support.cpp.o[0m
[116.206s] [ 56%] [32m[1mLinking CXX shared library libtheora_image_transport__rosidl_typesupport_c.so[0m
[116.389s] [ 56%] Built target theora_image_transport__rosidl_typesupport_c
[116.438s] [ 59%] [34m[1mGenerating C type support for eProsima Fast-RTPS[0m
[117.844s] [ 62%] [32mBuilding CXX object CMakeFiles/theora_image_transport__rosidl_typesupport_fastrtps_c.dir/rosidl_typesupport_fastrtps_c/theora_image_transport/msg/detail/packet__type_support_c.cpp.o[0m
[119.426s] [ 64%] [32m[1mLinking CXX shared library libtheora_image_transport__rosidl_typesupport_fastrtps_c.so[0m
[119.801s] [ 64%] Built target theora_image_transport__rosidl_typesupport_fastrtps_c
[119.905s] [ 67%] [32mBuilding CXX object CMakeFiles/theora_image_transport_component.dir/src/theora_publisher.cpp.o[0m
[119.908s] [ 70%] Built target theora_image_transport
[119.909s] [ 70%] [32mBuilding CXX object CMakeFiles/theora_image_transport_component.dir/src/theora_subscriber.cpp.o[0m
[120.019s] [ 72%] [34m[1mGenerating Python code for ROS interfaces[0m
[121.653s] In file included from [01m[K/home/r1/r1_ws/src/image_transport_plugins/theora_image_transport/include/theora_image_transport/theora_publisher.h:39[m[K,
[121.654s]                  from [01m[K/home/r1/r1_ws/src/image_transport_plugins/theora_image_transport/src/theora_publisher.cpp:35[m[K:
[121.654s] [01m[K/home/r1/r1_ws/install/cv_bridge/include/cv_bridge/cv_bridge/cv_bridge.h:42:2:[m[K [01;35m[Kwarning: [m[K#warning This header is obsolete, please include cv_bridge/cv_bridge.hpp instead [[01;35m[K]8;;https://gcc.gnu.org/onlinedocs/gcc/Warning-Options.html#index-Wcpp-Wcpp]8;;[m[K]
[121.655s]    42 | #[01;35m[Kwarning[m[K This header is obsolete, please include cv_bridge/cv_bridge.hpp instead
[121.656s]       |  [01;35m[K^~~~~~~[m[K
[121.683s] In file included from [01m[K/home/r1/r1_ws/src/image_transport_plugins/theora_image_transport/src/theora_subscriber.cpp:37[m[K:
[121.684s] [01m[K/home/r1/r1_ws/install/cv_bridge/include/cv_bridge/cv_bridge/cv_bridge.h:42:2:[m[K [01;35m[Kwarning: [m[K#warning This header is obsolete, please include cv_bridge/cv_bridge.hpp instead [[01;35m[K]8;;https://gcc.gnu.org/onlinedocs/gcc/Warning-Options.html#index-Wcpp-Wcpp]8;;[m[K]
[121.684s]    42 | #[01;35m[Kwarning[m[K This header is obsolete, please include cv_bridge/cv_bridge.hpp instead
[121.684s]       |  [01;35m[K^~~~~~~[m[K
[122.488s] [ 72%] Built target theora_image_transport__py
[122.616s] [ 75%] [32mBuilding C object CMakeFiles/theora_image_transport__rosidl_generator_py.dir/rosidl_generator_py/theora_image_transport/msg/_packet_s.c.o[0m
[123.336s] [ 78%] [32m[1mLinking C shared library rosidl_generator_py/theora_image_transport/libtheora_image_transport__rosidl_generator_py.so[0m
[123.621s] [ 78%] Built target theora_image_transport__rosidl_generator_py
[123.747s] [ 81%] [32mBuilding C object CMakeFiles/theora_image_transport__rosidl_typesupport_fastrtps_c__pyext.dir/rosidl_generator_py/theora_image_transport/_theora_image_transport_s.ep.rosidl_typesupport_fastrtps_c.c.o[0m
[124.492s] [ 83%] [32m[1mLinking C shared library rosidl_generator_py/theora_image_transport/theora_image_transport_s__rosidl_typesupport_fastrtps_c.cpython-310-aarch64-linux-gnu.so[0m
[124.825s] [ 83%] Built target theora_image_transport__rosidl_typesupport_fastrtps_c__pyext
[124.969s] [ 86%] [32mBuilding C object CMakeFiles/theora_image_transport__rosidl_typesupport_introspection_c__pyext.dir/rosidl_generator_py/theora_image_transport/_theora_image_transport_s.ep.rosidl_typesupport_introspection_c.c.o[0m
[125.679s] [ 89%] [32m[1mLinking C shared library rosidl_generator_py/theora_image_transport/theora_image_transport_s__rosidl_typesupport_introspection_c.cpython-310-aarch64-linux-gnu.so[0m
[125.976s] [ 89%] Built target theora_image_transport__rosidl_typesupport_introspection_c__pyext
[126.133s] [ 91%] [32mBuilding C object CMakeFiles/theora_image_transport__rosidl_typesupport_c__pyext.dir/rosidl_generator_py/theora_image_transport/_theora_image_transport_s.ep.rosidl_typesupport_c.c.o[0m
[126.920s] [ 94%] [32m[1mLinking C shared library rosidl_generator_py/theora_image_transport/theora_image_transport_s__rosidl_typesupport_c.cpython-310-aarch64-linux-gnu.so[0m
[127.214s] [ 94%] Built target theora_image_transport__rosidl_typesupport_c__pyext
[131.885s] [01m[K/home/r1/r1_ws/src/image_transport_plugins/theora_image_transport/src/theora_subscriber.cpp:[m[K In member function â€˜[01m[Kvirtual void theora_image_transport::TheoraSubscriber::subscribeImpl(rclcpp::Node*, const string&, const Callback&, uint32_t, rmw_qos_profile_t)[m[Kâ€™:
[131.885s] [01m[K/home/r1/r1_ws/src/image_transport_plugins/theora_image_transport/src/theora_subscriber.cpp:85:22:[m[K [01;31m[Kerror: [m[Kno matching function for call to â€˜[01m[Ktheora_image_transport::TheoraSubscriber::subscribeImpl(rclcpp::Node*&, const string&, const Callback&, rmw_qos_profile_t&)[m[Kâ€™
[131.886s]    85 |   [01;31m[KBase::subscribeImpl(node, base_topic, callback, custom_qos)[m[K;
[131.887s]       |   [01;31m[K~~~~~~~~~~~~~~~~~~~^~~~~~~~~~~~~~~~~~~~~~~~~~~~~~~~~~~~~~~~[m[K
[131.887s] In file included from [01m[K/home/r1/r1_ws/src/image_transport_plugins/theora_image_transport/include/theora_image_transport/theora_subscriber.h:35[m[K,
[131.888s]                  from [01m[K/home/r1/r1_ws/src/image_transport_plugins/theora_image_transport/src/theora_subscriber.cpp:35[m[K:
[131.888s] [01m[K/home/r1/r1_ws/install/image_transport/include/image_transport/image_transport/simple_subscriber_plugin.hpp:111:8:[m[K [01;36m[Knote: [m[Kcandidate: â€˜[01m[Kvoid image_transport::SimpleSubscriberPlugin<M>::subscribeImpl(rclcpp::Node*, const string&, const Callback&, rmw_qos_profile_t, rclcpp::SubscriptionOptions) [with M = theora_image_transport::msg::Packet_<std::allocator<void> >; std::string = std::__cxx11::basic_string<char>; image_transport::SubscriberPlugin::Callback = std::function<void(const std::shared_ptr<const sensor_msgs::msg::Image_<std::allocator<void> > >&)>; rmw_qos_profile_t = rmw_qos_profile_s; rclcpp::SubscriptionOptions = rclcpp::SubscriptionOptionsWithAllocator<std::allocator<void> >][m[Kâ€™
[131.889s]   111 |   void [01;36m[KsubscribeImpl[m[K(
[131.889s]       |        [01;36m[K^~~~~~~~~~~~~[m[K
[131.891s] [01m[K/home/r1/r1_ws/install/image_transport/include/image_transport/image_transport/simple_subscriber_plugin.hpp:111:8:[m[K [01;36m[Knote: [m[K  candidate expects 5 arguments, 4 provided
[132.061s] [01m[K/home/r1/r1_ws/src/image_transport_plugins/theora_image_transport/src/theora_publisher.cpp:[m[K In member function â€˜[01m[Kvirtual void theora_image_transport::TheoraPublisher::advertiseImpl(rclcpp::Node*, const string&, uint32_t, rmw_qos_profile_t)[m[Kâ€™:
[132.062s] [01m[K/home/r1/r1_ws/src/image_transport_plugins/theora_image_transport/src/theora_publisher.cpp:90:22:[m[K [01;31m[Kerror: [m[Kno matching function for call to â€˜[01m[Ktheora_image_transport::TheoraPublisher::advertiseImpl(rclcpp::Node*&, const string&, rmw_qos_profile_t&)[m[Kâ€™
[132.063s]    90 |   [01;31m[KBase::advertiseImpl(node, base_topic, custom_qos)[m[K;
[132.064s]       |   [01;31m[K~~~~~~~~~~~~~~~~~~~^~~~~~~~~~~~~~~~~~~~~~~~~~~~~~[m[K
[132.065s] In file included from [01m[K/home/r1/r1_ws/src/image_transport_plugins/theora_image_transport/include/theora_image_transport/theora_publisher.h:38[m[K,
[132.065s]                  from [01m[K/home/r1/r1_ws/src/image_transport_plugins/theora_image_transport/src/theora_publisher.cpp:35[m[K:
[132.066s] [01m[K/home/r1/r1_ws/install/image_transport/include/image_transport/image_transport/simple_publisher_plugin.hpp:101:8:[m[K [01;36m[Knote: [m[Kcandidate: â€˜[01m[Kvoid image_transport::SimplePublisherPlugin<M>::advertiseImpl(rclcpp::Node*, const string&, rmw_qos_profile_t, rclcpp::PublisherOptions) [with M = theora_image_transport::msg::Packet_<std::allocator<void> >; std::string = std::__cxx11::basic_string<char>; rmw_qos_profile_t = rmw_qos_profile_s; rclcpp::PublisherOptions = rclcpp::PublisherOptionsWithAllocator<std::allocator<void> >][m[Kâ€™
[132.067s]   101 |   void [01;36m[KadvertiseImpl[m[K(
[132.068s]       |        [01;36m[K^~~~~~~~~~~~~[m[K
[132.069s] [01m[K/home/r1/r1_ws/install/image_transport/include/image_transport/image_transport/simple_publisher_plugin.hpp:101:8:[m[K [01;36m[Knote: [m[K  candidate expects 4 arguments, 3 provided
[135.386s] gmake[2]: *** [CMakeFiles/theora_image_transport_component.dir/build.make:76: CMakeFiles/theora_image_transport_component.dir/src/theora_publisher.cpp.o] Error 1
[135.386s] gmake[2]: *** Waiting for unfinished jobs....
[140.820s] gmake[2]: *** [CMakeFiles/theora_image_transport_component.dir/build.make:90: CMakeFiles/theora_image_transport_component.dir/src/theora_subscriber.cpp.o] Error 1
[140.821s] gmake[1]: *** [CMakeFiles/Makefile2:595: CMakeFiles/theora_image_transport_component.dir/all] Error 2
[140.822s] gmake: *** [Makefile:146: all] Error 2
