[0.137s] Invoking command in '/home/r1/r1_ws/build/mpu9250driver': CMAKE_PREFIX_PATH=${CMAKE_PREFIX_PATH}:/home/r1/r1_ws/install/voice:/home/r1/r1_ws/install/cv_basics:/home/r1/r1_ws/install/camera:/home/r1/r1_ws/install/control:/home/r1/r1_ws/install/ai_assistant:/opt/ros/humble /usr/bin/cmake /home/r1/r1_ws/src/mpu9250_driver -DCMAKE_INSTALL_PREFIX=/home/r1/r1_ws/install/mpu9250driver
[1.318s] -- The C compiler identification is GNU 11.4.0
[1.603s] -- The CXX compiler identification is GNU 11.4.0
[1.665s] -- Detecting C compiler ABI info
[2.090s] -- Detecting C compiler ABI info - done
[2.116s] -- Check for working C compiler: /usr/bin/cc - skipped
[2.120s] -- Detecting C compile features
[2.123s] -- Detecting C compile features - done
[2.141s] -- Detecting CXX compiler ABI info
[2.528s] -- Detecting CXX compiler ABI info - done
[2.556s] -- Check for working CXX compiler: /usr/bin/c++ - skipped
[2.557s] -- Detecting CXX compile features
[2.558s] -- Detecting CXX compile features - done
[2.616s] -- Found ament_cmake: 1.3.5 (/opt/ros/humble/share/ament_cmake/cmake)
[3.736s] -- Found Python3: /usr/bin/python3.10 (found version "3.10.6") found components: Interpreter 
[4.623s] -- Found rclcpp: 16.0.5 (/opt/ros/humble/share/rclcpp/cmake)
[5.184s] -- Found rosidl_generator_c: 3.1.5 (/opt/ros/humble/share/rosidl_generator_c/cmake)
[5.258s] -- Found rosidl_adapter: 3.1.5 (/opt/ros/humble/share/rosidl_adapter/cmake)
[5.347s] -- Found rosidl_generator_cpp: 3.1.5 (/opt/ros/humble/share/rosidl_generator_cpp/cmake)
[5.459s] -- Using all available rosidl_typesupport_c: rosidl_typesupport_fastrtps_c;rosidl_typesupport_introspection_c
[5.622s] -- Using all available rosidl_typesupport_cpp: rosidl_typesupport_fastrtps_cpp;rosidl_typesupport_introspection_cpp
[6.153s] -- Found rmw_implementation_cmake: 6.1.1 (/opt/ros/humble/share/rmw_implementation_cmake/cmake)
[6.193s] -- Found rmw_fastrtps_cpp: 6.2.3 (/opt/ros/humble/share/rmw_fastrtps_cpp/cmake)
[6.975s] -- Found OpenSSL: /usr/lib/aarch64-linux-gnu/libcrypto.so (found version "3.0.2")  
[7.271s] -- Found FastRTPS: /opt/ros/humble/include  
[7.765s] -- Using RMW implementation 'rmw_fastrtps_cpp' as default
[7.897s] -- Looking for pthread.h
[8.261s] -- Looking for pthread.h - found
[8.262s] -- Performing Test CMAKE_HAVE_LIBC_PTHREAD
[8.627s] -- Performing Test CMAKE_HAVE_LIBC_PTHREAD - Success
[8.632s] -- Found Threads: TRUE  
[9.377s] -- Found sensor_msgs: 4.2.3 (/opt/ros/humble/share/sensor_msgs/cmake)
[10.225s] -- Configuring done
[10.305s] -- Generating done
[10.313s] -- Build files have been written to: /home/r1/r1_ws/build/mpu9250driver
[10.349s] Invoked command in '/home/r1/r1_ws/build/mpu9250driver' returned '0': CMAKE_PREFIX_PATH=${CMAKE_PREFIX_PATH}:/home/r1/r1_ws/install/voice:/home/r1/r1_ws/install/cv_basics:/home/r1/r1_ws/install/camera:/home/r1/r1_ws/install/control:/home/r1/r1_ws/install/ai_assistant:/opt/ros/humble /usr/bin/cmake /home/r1/r1_ws/src/mpu9250_driver -DCMAKE_INSTALL_PREFIX=/home/r1/r1_ws/install/mpu9250driver
[10.361s] Invoking command in '/home/r1/r1_ws/build/mpu9250driver': CMAKE_PREFIX_PATH=${CMAKE_PREFIX_PATH}:/home/r1/r1_ws/install/voice:/home/r1/r1_ws/install/cv_basics:/home/r1/r1_ws/install/camera:/home/r1/r1_ws/install/control:/home/r1/r1_ws/install/ai_assistant:/opt/ros/humble /usr/bin/cmake --build /home/r1/r1_ws/build/mpu9250driver -- -j4 -l4
[10.618s] [ 33%] [32mBuilding CXX object lib/mpu9250sensor/CMakeFiles/mpu9250sensor.dir/src/mpu9250sensor.cpp.o[0m
[10.619s] [ 33%] [32mBuilding CXX object lib/i2c/CMakeFiles/linux_i2c_communicator.dir/src/LinuxI2cCommunicator.cpp.o[0m
[10.701s] [01m[K/home/r1/r1_ws/src/mpu9250_driver/lib/i2c/src/LinuxI2cCommunicator.cpp:6:10:[m[K [01;31m[Kfatal error: [m[Ki2c/smbus.h: No such file or directory
[10.702s]     6 | #include [01;31m[K<i2c/smbus.h>[m[K
[10.702s]       |          [01;31m[K^~~~~~~~~~~~~[m[K
[10.703s] compilation terminated.
[10.706s] gmake[2]: *** [lib/i2c/CMakeFiles/linux_i2c_communicator.dir/build.make:76: lib/i2c/CMakeFiles/linux_i2c_communicator.dir/src/LinuxI2cCommunicator.cpp.o] Error 1
[10.707s] gmake[1]: *** [CMakeFiles/Makefile2:214: lib/i2c/CMakeFiles/linux_i2c_communicator.dir/all] Error 2
[10.707s] gmake[1]: *** Waiting for unfinished jobs....
[12.932s] [ 50%] [32m[1mLinking CXX static library libmpu9250sensor.a[0m
[13.248s] [ 50%] Built target mpu9250sensor
[13.252s] gmake: *** [Makefile:146: all] Error 2
[13.259s] Invoked command in '/home/r1/r1_ws/build/mpu9250driver' returned '2': CMAKE_PREFIX_PATH=${CMAKE_PREFIX_PATH}:/home/r1/r1_ws/install/voice:/home/r1/r1_ws/install/cv_basics:/home/r1/r1_ws/install/camera:/home/r1/r1_ws/install/control:/home/r1/r1_ws/install/ai_assistant:/opt/ros/humble /usr/bin/cmake --build /home/r1/r1_ws/build/mpu9250driver -- -j4 -l4
