[0.142s] Invoking command in '/home/r1/r1_ws/build/compressed_image_transport': AMENT_PREFIX_PATH=/home/r1/r1_ws/install/image_transport:/home/r1/r1_ws/install/cv_bridge:${AMENT_PREFIX_PATH} CMAKE_PREFIX_PATH=/home/r1/r1_ws/install/image_transport:/home/r1/r1_ws/install/cv_bridge:/home/r1/r1_ws/install/v4l2_camera:/home/r1/r1_ws/install/turtlesim:/home/r1/r1_ws/install/voice:/home/r1/r1_ws/install/control:/home/r1/r1_ws/install/camera:/opt/ros/humble LD_LIBRARY_PATH=/home/r1/r1_ws/install/image_transport/lib:/home/r1/r1_ws/install/cv_bridge/lib:${LD_LIBRARY_PATH} PYTHONPATH=/home/r1/r1_ws/install/cv_bridge/local/lib/python3.10/dist-packages:${PYTHONPATH} /usr/bin/cmake /home/r1/r1_ws/src/image_transport_plugins/compressed_image_transport -DCMAKE_INSTALL_PREFIX=/home/r1/r1_ws/install/compressed_image_transport
[0.550s] -- The C compiler identification is GNU 11.3.0
[0.956s] -- The CXX compiler identification is GNU 11.3.0
[0.997s] -- Detecting C compiler ABI info
[1.501s] -- Detecting C compiler ABI info - done
[1.523s] -- Check for working C compiler: /usr/bin/cc - skipped
[1.524s] -- Detecting C compile features
[1.526s] -- Detecting C compile features - done
[1.541s] -- Detecting CXX compiler ABI info
[2.100s] -- Detecting CXX compiler ABI info - done
[2.144s] -- Check for working CXX compiler: /usr/bin/c++ - skipped
[2.162s] -- Detecting CXX compile features
[2.163s] -- Detecting CXX compile features - done
[2.189s] -- Found ament_cmake: 1.3.4 (/opt/ros/humble/share/ament_cmake/cmake)
[3.598s] -- Found Python3: /usr/bin/python3.10 (found version "3.10.6") found components: Interpreter 
[4.386s] -- Found image_transport: 4.3.0 (/home/r1/r1_ws/install/image_transport/share/image_transport/cmake)
[4.847s] -- Found rosidl_generator_c: 3.1.4 (/opt/ros/humble/share/rosidl_generator_c/cmake)
[4.900s] -- Found rosidl_adapter: 3.1.4 (/opt/ros/humble/share/rosidl_adapter/cmake)
[4.968s] -- Found rosidl_generator_cpp: 3.1.4 (/opt/ros/humble/share/rosidl_generator_cpp/cmake)
[5.061s] -- Using all available rosidl_typesupport_c: rosidl_typesupport_fastrtps_c;rosidl_typesupport_introspection_c
[5.198s] -- Using all available rosidl_typesupport_cpp: rosidl_typesupport_fastrtps_cpp;rosidl_typesupport_introspection_cpp
[5.658s] -- Found rmw_implementation_cmake: 6.1.1 (/opt/ros/humble/share/rmw_implementation_cmake/cmake)
[5.685s] -- Found rmw_fastrtps_cpp: 6.2.2 (/opt/ros/humble/share/rmw_fastrtps_cpp/cmake)
[6.332s] -- Found OpenSSL: /usr/lib/aarch64-linux-gnu/libcrypto.so (found version "3.0.2")  
[6.573s] -- Found FastRTPS: /opt/ros/humble/include  
[6.999s] -- Using RMW implementation 'rmw_fastrtps_cpp' as default
[7.092s] -- Looking for pthread.h
[7.516s] -- Looking for pthread.h - found
[7.518s] -- Performing Test CMAKE_HAVE_LIBC_PTHREAD
[7.946s] -- Performing Test CMAKE_HAVE_LIBC_PTHREAD - Success
[7.951s] -- Found Threads: TRUE  
[9.743s] -- Found cv_bridge: 3.4.0 (/home/r1/r1_ws/install/cv_bridge/share/cv_bridge/cmake)
[9.867s] -- Found OpenCV: /usr (found version "4.5.4") 
[10.311s] -- Configuring done
[10.444s] -- Generating done
[10.457s] -- Build files have been written to: /home/r1/r1_ws/build/compressed_image_transport
[10.516s] Invoked command in '/home/r1/r1_ws/build/compressed_image_transport' returned '0': AMENT_PREFIX_PATH=/home/r1/r1_ws/install/image_transport:/home/r1/r1_ws/install/cv_bridge:${AMENT_PREFIX_PATH} CMAKE_PREFIX_PATH=/home/r1/r1_ws/install/image_transport:/home/r1/r1_ws/install/cv_bridge:/home/r1/r1_ws/install/v4l2_camera:/home/r1/r1_ws/install/turtlesim:/home/r1/r1_ws/install/voice:/home/r1/r1_ws/install/control:/home/r1/r1_ws/install/camera:/opt/ros/humble LD_LIBRARY_PATH=/home/r1/r1_ws/install/image_transport/lib:/home/r1/r1_ws/install/cv_bridge/lib:${LD_LIBRARY_PATH} PYTHONPATH=/home/r1/r1_ws/install/cv_bridge/local/lib/python3.10/dist-packages:${PYTHONPATH} /usr/bin/cmake /home/r1/r1_ws/src/image_transport_plugins/compressed_image_transport -DCMAKE_INSTALL_PREFIX=/home/r1/r1_ws/install/compressed_image_transport
[10.525s] Invoking command in '/home/r1/r1_ws/build/compressed_image_transport': AMENT_PREFIX_PATH=/home/r1/r1_ws/install/image_transport:/home/r1/r1_ws/install/cv_bridge:${AMENT_PREFIX_PATH} CMAKE_PREFIX_PATH=/home/r1/r1_ws/install/image_transport:/home/r1/r1_ws/install/cv_bridge:/home/r1/r1_ws/install/v4l2_camera:/home/r1/r1_ws/install/turtlesim:/home/r1/r1_ws/install/voice:/home/r1/r1_ws/install/control:/home/r1/r1_ws/install/camera:/opt/ros/humble LD_LIBRARY_PATH=/home/r1/r1_ws/install/image_transport/lib:/home/r1/r1_ws/install/cv_bridge/lib:${LD_LIBRARY_PATH} PYTHONPATH=/home/r1/r1_ws/install/cv_bridge/local/lib/python3.10/dist-packages:${PYTHONPATH} /usr/bin/cmake --build /home/r1/r1_ws/build/compressed_image_transport -- -j4 -l4
[10.815s] [ 25%] [32mBuilding CXX object CMakeFiles/compressed_image_transport.dir/src/compressed_publisher.cpp.o[0m
[10.831s] [ 50%] [32mBuilding CXX object CMakeFiles/compressed_image_transport.dir/src/manifest.cpp.o[0m
[10.841s] [ 75%] [32mBuilding CXX object CMakeFiles/compressed_image_transport.dir/src/compressed_subscriber.cpp.o[0m
[14.071s] In file included from [01m[K/home/r1/r1_ws/src/image_transport_plugins/compressed_image_transport/src/compressed_subscriber.cpp:37[m[K:
[14.092s] [01m[K/home/r1/r1_ws/install/cv_bridge/include/cv_bridge/cv_bridge/cv_bridge.h:42:2:[m[K [01;35m[Kwarning: [m[K#warning This header is obsolete, please include cv_bridge/cv_bridge.hpp instead [[01;35m[K]8;;https://gcc.gnu.org/onlinedocs/gcc/Warning-Options.html#index-Wcpp-Wcpp]8;;[m[K]
[14.093s]    42 | #[01;35m[Kwarning[m[K This header is obsolete, please include cv_bridge/cv_bridge.hpp instead
[14.095s]       |  [01;35m[K^~~~~~~[m[K
[14.135s] In file included from [01m[K/home/r1/r1_ws/src/image_transport_plugins/compressed_image_transport/src/compressed_publisher.cpp:37[m[K:
[14.137s] [01m[K/home/r1/r1_ws/install/cv_bridge/include/cv_bridge/cv_bridge/cv_bridge.h:42:2:[m[K [01;35m[Kwarning: [m[K#warning This header is obsolete, please include cv_bridge/cv_bridge.hpp instead [[01;35m[K]8;;https://gcc.gnu.org/onlinedocs/gcc/Warning-Options.html#index-Wcpp-Wcpp]8;;[m[K]
[14.137s]    42 | #[01;35m[Kwarning[m[K This header is obsolete, please include cv_bridge/cv_bridge.hpp instead
[14.138s]       |  [01;35m[K^~~~~~~[m[K
[31.239s] In file included from [01m[K/home/r1/r1_ws/src/image_transport_plugins/compressed_image_transport/src/manifest.cpp:36[m[K:
[31.251s] [01m[K/home/r1/r1_ws/src/image_transport_plugins/compressed_image_transport/include/compressed_image_transport/compressed_publisher.h:60:8:[m[K [01;31m[Kerror: [m[Kâ€˜[01m[Kvoid compressed_image_transport::CompressedPublisher::advertiseImpl(rclcpp::Node*, const string&, rmw_qos_profile_t)[m[Kâ€™ marked â€˜[01m[Koverride[m[Kâ€™, but does not override
[31.253s]    60 |   void [01;31m[KadvertiseImpl[m[K(
[31.254s]       |        [01;31m[K^~~~~~~~~~~~~[m[K
[31.464s] In file included from [01m[K/home/r1/r1_ws/src/image_transport_plugins/compressed_image_transport/src/manifest.cpp:37[m[K:
[31.465s] [01m[K/home/r1/r1_ws/src/image_transport_plugins/compressed_image_transport/include/compressed_image_transport/compressed_subscriber.h:59:8:[m[K [01;31m[Kerror: [m[Kâ€˜[01m[Kvoid compressed_image_transport::CompressedSubscriber::subscribeImpl(rclcpp::Node*, const string&, const Callback&, rmw_qos_profile_t)[m[Kâ€™ marked â€˜[01m[Koverride[m[Kâ€™, but does not override
[31.474s]    59 |   void [01;31m[KsubscribeImpl[m[K(
[31.475s]       |        [01;31m[K^~~~~~~~~~~~~[m[K
[33.173s] In file included from [01m[K/home/r1/r1_ws/src/image_transport_plugins/compressed_image_transport/src/compressed_subscriber.cpp:35[m[K:
[33.178s] [01m[K/home/r1/r1_ws/src/image_transport_plugins/compressed_image_transport/include/compressed_image_transport/compressed_subscriber.h:59:8:[m[K [01;31m[Kerror: [m[Kâ€˜[01m[Kvoid compressed_image_transport::CompressedSubscriber::subscribeImpl(rclcpp::Node*, const string&, const Callback&, rmw_qos_profile_t)[m[Kâ€™ marked â€˜[01m[Koverride[m[Kâ€™, but does not override
[33.180s]    59 |   void [01;31m[KsubscribeImpl[m[K(
[33.181s]       |        [01;31m[K^~~~~~~~~~~~~[m[K
[35.440s] In file included from [01m[K/home/r1/r1_ws/src/image_transport_plugins/compressed_image_transport/src/compressed_publisher.cpp:35[m[K:
[35.441s] [01m[K/home/r1/r1_ws/src/image_transport_plugins/compressed_image_transport/include/compressed_image_transport/compressed_publisher.h:60:8:[m[K [01;31m[Kerror: [m[Kâ€˜[01m[Kvoid compressed_image_transport::CompressedPublisher::advertiseImpl(rclcpp::Node*, const string&, rmw_qos_profile_t)[m[Kâ€™ marked â€˜[01m[Koverride[m[Kâ€™, but does not override
[35.442s]    60 |   void [01;31m[KadvertiseImpl[m[K(
[35.443s]       |        [01;31m[K^~~~~~~~~~~~~[m[K
[50.783s] [01m[K/home/r1/r1_ws/src/image_transport_plugins/compressed_image_transport/src/compressed_subscriber.cpp:[m[K In member function â€˜[01m[Kvirtual void compressed_image_transport::CompressedSubscriber::subscribeImpl(rclcpp::Node*, const string&, const Callback&, rmw_qos_profile_t, rclcpp::SubscriptionOptions)[m[Kâ€™:
[50.785s] [01m[K/home/r1/r1_ws/src/image_transport_plugins/compressed_image_transport/src/compressed_subscriber.cpp:78:11:[m[K [01;31m[Kerror: [m[Kâ€˜[01m[KsubscribeImplWithOptions[m[Kâ€™ is not a member of â€˜[01m[KBase[m[Kâ€™ {aka â€˜[01m[Kimage_transport::SimpleSubscriberPlugin<sensor_msgs::msg::CompressedImage_<std::allocator<void> > >[m[Kâ€™}
[50.788s]    78 |     Base::[01;31m[KsubscribeImplWithOptions[m[K(node, base_topic, callback, custom_qos, options);
[50.789s]       |           [01;31m[K^~~~~~~~~~~~~~~~~~~~~~~~[m[K
[52.057s] [01m[K/home/r1/r1_ws/src/image_transport_plugins/compressed_image_transport/src/compressed_publisher.cpp:[m[K In member function â€˜[01m[Kvoid compressed_image_transport::CompressedPublisher::advertiseImpl(rclcpp::Node*, const string&, rmw_qos_profile_t)[m[Kâ€™:
[52.058s] [01m[K/home/r1/r1_ws/src/image_transport_plugins/compressed_image_transport/src/compressed_publisher.cpp:67:22:[m[K [01;31m[Kerror: [m[Kno matching function for call to â€˜[01m[Kcompressed_image_transport::CompressedPublisher::advertiseImpl(rclcpp::Node*&, const string&, rmw_qos_profile_t&)[m[Kâ€™
[52.059s]    67 |   [01;31m[KBase::advertiseImpl(node, base_topic, custom_qos)[m[K;
[52.059s]       |   [01;31m[K~~~~~~~~~~~~~~~~~~~^~~~~~~~~~~~~~~~~~~~~~~~~~~~~~[m[K
[52.060s] In file included from [01m[K/home/r1/r1_ws/src/image_transport_plugins/compressed_image_transport/include/compressed_image_transport/compressed_publisher.h:39[m[K,
[52.061s]                  from [01m[K/home/r1/r1_ws/src/image_transport_plugins/compressed_image_transport/src/compressed_publisher.cpp:35[m[K:
[52.063s] [01m[K/home/r1/r1_ws/install/image_transport/include/image_transport/image_transport/simple_publisher_plugin.hpp:101:8:[m[K [01;36m[Knote: [m[Kcandidate: â€˜[01m[Kvoid image_transport::SimplePublisherPlugin<M>::advertiseImpl(rclcpp::Node*, const string&, rmw_qos_profile_t, rclcpp::PublisherOptions) [with M = sensor_msgs::msg::CompressedImage_<std::allocator<void> >; std::string = std::__cxx11::basic_string<char>; rmw_qos_profile_t = rmw_qos_profile_s; rclcpp::PublisherOptions = rclcpp::PublisherOptionsWithAllocator<std::allocator<void> >][m[Kâ€™
[52.063s]   101 |   void [01;36m[KadvertiseImpl[m[K(
[52.064s]       |        [01;36m[K^~~~~~~~~~~~~[m[K
[52.065s] [01m[K/home/r1/r1_ws/install/image_transport/include/image_transport/image_transport/simple_publisher_plugin.hpp:101:8:[m[K [01;36m[Knote: [m[K  candidate expects 4 arguments, 3 provided
[59.156s] gmake[2]: *** [CMakeFiles/compressed_image_transport.dir/build.make:104: CMakeFiles/compressed_image_transport.dir/src/manifest.cpp.o] Error 1
[59.158s] gmake[2]: *** Waiting for unfinished jobs....
[64.702s] gmake[2]: *** [CMakeFiles/compressed_image_transport.dir/build.make:76: CMakeFiles/compressed_image_transport.dir/src/compressed_publisher.cpp.o] Error 1
[74.925s] gmake[2]: *** [CMakeFiles/compressed_image_transport.dir/build.make:90: CMakeFiles/compressed_image_transport.dir/src/compressed_subscriber.cpp.o] Error 1
[74.928s] gmake[1]: *** [CMakeFiles/Makefile2:137: CMakeFiles/compressed_image_transport.dir/all] Error 2
[74.935s] gmake: *** [Makefile:146: all] Error 2
[74.952s] Invoked command in '/home/r1/r1_ws/build/compressed_image_transport' returned '2': AMENT_PREFIX_PATH=/home/r1/r1_ws/install/image_transport:/home/r1/r1_ws/install/cv_bridge:${AMENT_PREFIX_PATH} CMAKE_PREFIX_PATH=/home/r1/r1_ws/install/image_transport:/home/r1/r1_ws/install/cv_bridge:/home/r1/r1_ws/install/v4l2_camera:/home/r1/r1_ws/install/turtlesim:/home/r1/r1_ws/install/voice:/home/r1/r1_ws/install/control:/home/r1/r1_ws/install/camera:/opt/ros/humble LD_LIBRARY_PATH=/home/r1/r1_ws/install/image_transport/lib:/home/r1/r1_ws/install/cv_bridge/lib:${LD_LIBRARY_PATH} PYTHONPATH=/home/r1/r1_ws/install/cv_bridge/local/lib/python3.10/dist-packages:${PYTHONPATH} /usr/bin/cmake --build /home/r1/r1_ws/build/compressed_image_transport -- -j4 -l4
