[0.215s] Invoking command in '/home/r1/r1_ws/build/cv_bridge': CMAKE_PREFIX_PATH=${CMAKE_PREFIX_PATH}:/home/r1/r1_ws/install/voice:/home/r1/r1_ws/install/cv_basics:/home/r1/r1_ws/install/camera:/home/r1/r1_ws/install/control:/opt/ros/humble /usr/bin/cmake --build /home/r1/r1_ws/build/cv_bridge -- -j4 -l4
[2.074s] [35m[1mConsolidate compiler generated dependencies of target gtest[0m
[2.076s] [35m[1mConsolidate compiler generated dependencies of target cv_bridge[0m
[2.077s] [35m[1mConsolidate compiler generated dependencies of target gtest_main[0m
[2.079s] [ 12%] Built target gtest
[2.080s] [ 25%] Built target gtest_main
[2.080s] [ 43%] Built target cv_bridge
[2.080s] failed to create symbolic link '/home/r1/r1_ws/build/cv_bridge/ament_cmake_python/cv_bridge/cv_bridge' because existing path cannot be removed: Is a directory
[2.081s] gmake[2]: *** [CMakeFiles/ament_cmake_python_symlink_cv_bridge.dir/build.make:70: CMakeFiles/ament_cmake_python_symlink_cv_bridge] Error 1
[2.081s] gmake[1]: *** [CMakeFiles/Makefile2:193: CMakeFiles/ament_cmake_python_symlink_cv_bridge.dir/all] Error 2
[2.081s] gmake[1]: *** Waiting for unfinished jobs....
[2.081s] gmake: *** [Makefile:146: all] Error 2
