[0.186s] Invoking command in '/home/r1/r1_ws/build/cv_bridge': CMAKE_PREFIX_PATH=${CMAKE_PREFIX_PATH}:/home/r1/r1_ws/install/voice:/home/r1/r1_ws/install/cv_basics:/home/r1/r1_ws/install/camera:/home/r1/r1_ws/install/control:/opt/ros/humble /usr/bin/cmake --build /home/r1/r1_ws/build/cv_bridge -- -j4 -l4
[2.386s] -- Found ament_cmake_ros: 0.10.0 (/opt/ros/humble/share/ament_cmake_ros/cmake)
[2.387s] -- Found Python3: /usr/bin/python3.10 (found version "3.10.6") found components: Interpreter 
[2.387s] -- Override CMake install command with custom implementation using symlinks instead of copying resources
[2.867s] -- Found Python3: /usr/include/python3.10 (found version "3.10.6") found components: Development NumPy Interpreter Development.Module Development.Embed 
[2.905s] -- Found rcpputils: 2.4.1 (/opt/ros/humble/share/rcpputils/cmake)
[3.015s] -- Found sensor_msgs: 4.2.3 (/opt/ros/humble/share/sensor_msgs/cmake)
[3.095s] -- Found rosidl_generator_c: 3.1.4 (/opt/ros/humble/share/rosidl_generator_c/cmake)
[3.109s] -- Found rosidl_adapter: 3.1.4 (/opt/ros/humble/share/rosidl_adapter/cmake)
[3.138s] -- Found rosidl_generator_cpp: 3.1.4 (/opt/ros/humble/share/rosidl_generator_cpp/cmake)
[3.195s] -- Using all available rosidl_typesupport_c: rosidl_typesupport_fastrtps_c;rosidl_typesupport_introspection_c
[3.268s] -- Using all available rosidl_typesupport_cpp: rosidl_typesupport_fastrtps_cpp;rosidl_typesupport_introspection_cpp
[4.682s] -- Found ament_lint_auto: 0.12.6 (/opt/ros/humble/share/ament_lint_auto/cmake)
[5.175s] -- Found gtest sources under '/opt/ros/humble/src/gtest_vendor': C++ tests using 'Google Test' will be built
[14.408s] -- Configuring done
[14.563s] -- Generating done
[14.585s] -- Build files have been written to: /home/r1/r1_ws/build/cv_bridge
[14.837s] [35m[1mConsolidate compiler generated dependencies of target gtest[0m
[14.844s] [35m[1mConsolidate compiler generated dependencies of target cv_bridge[0m
[14.855s] [35m[1mConsolidate compiler generated dependencies of target gtest_main[0m
[14.890s] failed to create symbolic link '/home/r1/r1_ws/build/cv_bridge/ament_cmake_python/cv_bridge/cv_bridge' because existing path cannot be removed: Is a directory
[14.897s] gmake[2]: *** [CMakeFiles/ament_cmake_python_symlink_cv_bridge.dir/build.make:70: CMakeFiles/ament_cmake_python_symlink_cv_bridge] Error 1
[14.899s] gmake[1]: *** [CMakeFiles/Makefile2:193: CMakeFiles/ament_cmake_python_symlink_cv_bridge.dir/all] Error 2
[14.900s] gmake[1]: *** Waiting for unfinished jobs....
[14.973s] [  6%] [32mBuilding CXX object gtest/CMakeFiles/gtest.dir/src/gtest-all.cc.o[0m
[15.021s] [ 12%] [32mBuilding CXX object gtest/CMakeFiles/gtest_main.dir/src/gtest_main.cc.o[0m
[15.061s] [ 18%] [32mBuilding CXX object src/CMakeFiles/cv_bridge.dir/rgb_colors.cpp.o[0m
[15.086s] [ 25%] [32mBuilding CXX object src/CMakeFiles/cv_bridge.dir/cv_bridge.cpp.o[0m
[21.050s] [ 31%] [32m[1mLinking CXX static library libgtest_main.a[0m
[21.406s] [ 31%] Built target gtest_main
[33.003s] [ 37%] [32m[1mLinking CXX static library libgtest.a[0m
[33.450s] [ 37%] Built target gtest
[37.666s] [ 43%] [32m[1mLinking CXX shared library libcv_bridge.so[0m
[38.530s] [ 43%] Built target cv_bridge
[38.534s] gmake: *** [Makefile:146: all] Error 2
